[debug] [2023-03-02T17:30:46.846Z] ----------------------------------------------------------------------
[debug] [2023-03-02T17:30:46.850Z] Command:       C:\Program Files\nodejs\node.exe C:\Users\Immersive\AppData\Roaming\npm\node_modules\firebase-tools\lib\bin\firebase.js deploy
[debug] [2023-03-02T17:30:46.853Z] CLI Version:   11.24.0
[debug] [2023-03-02T17:30:46.854Z] Platform:      win32
[debug] [2023-03-02T17:30:46.854Z] Node Version:  v18.14.0
[debug] [2023-03-02T17:30:46.863Z] Time:          Thu Mar 02 2023 09:30:46 GMT-0800 (Pacific Standard Time)
[debug] [2023-03-02T17:30:46.864Z] ----------------------------------------------------------------------
[debug] 
[debug] [2023-03-02T17:30:47.086Z] > command requires scopes: ["email","openid","https://www.googleapis.com/auth/cloudplatformprojects.readonly","https://www.googleapis.com/auth/firebase","https://www.googleapis.com/auth/cloud-platform"]
[debug] [2023-03-02T17:30:47.089Z] > authorizing via signed-in user (devhamzak@gmail.com)
[debug] [2023-03-02T17:30:47.089Z] [iam] checking project immeric-603a0 for permissions ["firebase.projects.get","firebasehosting.sites.update"]
[debug] [2023-03-02T17:30:47.094Z] >>> [apiv2][query] POST https://cloudresourcemanager.googleapis.com/v1/projects/immeric-603a0:testIamPermissions [none]
[debug] [2023-03-02T17:30:47.095Z] >>> [apiv2][(partial)header] POST https://cloudresourcemanager.googleapis.com/v1/projects/immeric-603a0:testIamPermissions x-goog-quota-user=projects/immeric-603a0
[debug] [2023-03-02T17:30:47.095Z] >>> [apiv2][body] POST https://cloudresourcemanager.googleapis.com/v1/projects/immeric-603a0:testIamPermissions {"permissions":["firebase.projects.get","firebasehosting.sites.update"]}
[debug] [2023-03-02T17:30:48.730Z] <<< [apiv2][status] POST https://cloudresourcemanager.googleapis.com/v1/projects/immeric-603a0:testIamPermissions 200
[debug] [2023-03-02T17:30:48.730Z] <<< [apiv2][body] POST https://cloudresourcemanager.googleapis.com/v1/projects/immeric-603a0:testIamPermissions {"permissions":["firebase.projects.get","firebasehosting.sites.update"]}
[debug] [2023-03-02T17:30:48.733Z] >>> [apiv2][query] GET https://firebase.googleapis.com/v1beta1/projects/immeric-603a0 [none]
[debug] [2023-03-02T17:30:49.348Z] <<< [apiv2][status] GET https://firebase.googleapis.com/v1beta1/projects/immeric-603a0 200
[debug] [2023-03-02T17:30:49.349Z] <<< [apiv2][body] GET https://firebase.googleapis.com/v1beta1/projects/immeric-603a0 {"projectId":"immeric-603a0","projectNumber":"466702867278","displayName":"Immerive","name":"projects/immeric-603a0","resources":{"hostingSite":"immeric-603a0"},"state":"ACTIVE","etag":"1_d3023ae8-9aba-4b3f-a386-e9170f573af5"}
[info] 
[info] === Deploying to 'immeric-603a0'...
[info] 
[info] i  deploying hosting 
[debug] [2023-03-02T17:30:49.365Z] >>> [apiv2][query] POST https://firebasehosting.googleapis.com/v1beta1/projects/-/sites/immeric-603a0/versions [none]
[debug] [2023-03-02T17:30:49.365Z] >>> [apiv2][body] POST https://firebasehosting.googleapis.com/v1beta1/projects/-/sites/immeric-603a0/versions {"status":"CREATED","labels":{"deployment-tool":"cli-firebase"}}
[debug] [2023-03-02T17:30:51.706Z] <<< [apiv2][status] POST https://firebasehosting.googleapis.com/v1beta1/projects/-/sites/immeric-603a0/versions 200
[debug] [2023-03-02T17:30:51.707Z] <<< [apiv2][body] POST https://firebasehosting.googleapis.com/v1beta1/projects/-/sites/immeric-603a0/versions {"name":"projects/466702867278/sites/immeric-603a0/versions/0a242e64959f6089","status":"CREATED","config":{},"labels":{"deployment-tool":"cli-firebase"}}
[info] i  hosting[immeric-603a0]: beginning deploy... 
[info] i  hosting[immeric-603a0]: found 37 files in build 
[debug] [2023-03-02T17:30:51.808Z] [hosting] uploading with 200 concurrency
[debug] [2023-03-02T17:30:51.811Z] [hosting] hash cache [YnVpbGQ] not populated
[debug] [2023-03-02T17:30:52.971Z] [hosting] hash cache [YnVpbGQ] stored for 37 files
[debug] [2023-03-02T17:30:52.971Z] [hosting][hash queue][FINAL] {"max":1116,"min":120,"avg":181.02702702702703,"active":0,"complete":37,"success":37,"errored":0,"retried":0,"total":37,"elapsed":1153}
[debug] [2023-03-02T17:30:52.973Z] >>> [apiv2][query] POST https://firebasehosting.googleapis.com/v1beta1/projects/466702867278/sites/immeric-603a0/versions/0a242e64959f6089:populateFiles [none]
[debug] [2023-03-02T17:30:52.974Z] >>> [apiv2][body] POST https://firebasehosting.googleapis.com/v1beta1/projects/466702867278/sites/immeric-603a0/versions/0a242e64959f6089:populateFiles {"files":{"/asset-manifest.json":"a9568c57b0fdbda389b471c10e9676400bbd26dcdf90e40e449fe2c2e92cdc2e","/index.html":"4564d9407b6008369603ada25c898d4b3ae5c54687cb2de7858382bdca89e904","/logo.png":"5ac1166bdc30028f8c20915f1a98acc33efc8aeed101e7a85ec382b5d8a84851","/clients/0.png":"6799c0f254e1a03bd2a19e634257ea17adf658f986d0da63d657695d8f462784","/services/11.png":"7f81a6fa449c438cfb301d6772a8b73f47c111de7a66897210cb1a6d7bd591e9","/services/2.png":"96bd1ed0636217c5a8286288ef8d17d218bb39056217411aaca75ff29f73fb20","/services/3.png":"6959a4b5c4f18cc202a0a9d26e308fd45be367f339b337f5409a3b235d3f67df","/static/css/main.d6729a6b.css":"e75ee226f87de8c671d83d7fb6777a653105b44577330de59a82e6c778b2e54a","/static/js/main.2ad60039.js.LICENSE.txt":"056474aff2d491a02e2bd1d6491d31e23d2845a55744568ef02ee78f1bd38117","/services/8.png":"d1f15e6097e0de94b66ecc618759a0e009774217376ed5d51e3d4ac045633421","/static/css/main.d6729a6b.css.map":"f5ffb3faaa9a6696ac39d64047a5b649ed4e9d848ce243e3364f72c756f12bcf","/static/media/0.2919340e5f5178eeb2be.png":"6799c0f254e1a03bd2a19e634257ea17adf658f986d0da63d657695d8f462784","/static/media/slick.2630a3e3eab21c607e21.svg":"d00477d40ed40fa1dd3bdee27d9286804121b15fea83bae7d5415d902b055de0","/static/media/slick.295183786cd8a1389865.woff":"029a727c9e1081d2f9e1015f02f18da88f268512ea4f58589a6f17f532928530","/static/media/slick.a4e97f5a2a64f0ab1323.eot":"52b9a169969e053d43df6bd21c4dc789c2518d99afd8590a17ef50cd24c77cf6","/static/media/slick.c94f7671dcc99dce43e2.ttf":"6aad751007cf9a89350af287f824ab64f096c472c7c9c679fb3d55b6174fc004","/services/0.png":"a18ae65f5e5847d6441816c8ce09e2c5e862df7b7b0167fc9407340e78448e6d","/services/1.png":"e8eb210527ad9b78a201d614b1d8fdf3808655140acc4f1144448a4679dec462","/services/10.png":"7e1c09a7207baca8515728bffb84693dea19b28ec6d1a96365d92012747d343e","/services/4.png":"7f7bd0bba48fb0b932eaa008a72d5572599f242f11585152ef213dc335fccf23","/services/6.png":"8f9fdbf214a8dc2e06268cda8d318595cf53921137cc5876d79c61c744bc8a7e","/services/7.png":"e633f4203b78488bfe7c3341e95269287e98510ba964c05db307f75e5a485cd0","/services/9.png":"ce544c45e7ae89c41726e15a052d19ea1e6eb0332d77be839eaf7373afe44a95","/hero2.jpg":"64806eb3519792db96879f5496d77fdf3765cd81476aa9441af3d18fdadbb062","/clients/1.png":"cd77b37dfc9ec6a3bbc474789c865c170b6a858bc83a10703646b7dd3ddcb9be","/static/media/1.6e8c4d84c691030228c0.png":"cd77b37dfc9ec6a3bbc474789c865c170b6a858bc83a10703646b7dd3ddcb9be","/static/media/hero2.df868201f0e40416e582.jpg":"64806eb3519792db96879f5496d77fdf3765cd81476aa9441af3d18fdadbb062","/heroimage2.png":"6f111b481c770fe18b6954cabad1726d2c0daa0a923b973ea0e127ee9f7bf8b2","/about.png":"6e9670ea4ef2fc15458a3025fc7999594ac251d6c95708c2b78ca290b00e568f","/hero1.jpg":"152f133d4851fb828235b48700cf117d41f230d0f6ba6bb03d14657929fa97a1","/services/5.png":"57b7f7aa5f1e0c8ef1a31806c9546f29780b2b00a14606bfcacb561d0d38a556","/static/media/hero1.bed56050ec815e995500.jpg":"152f133d4851fb828235b48700cf117d41f230d0f6ba6bb03d14657929fa97a1","/babloo.png":"c6636314eb52bc4e79410e92d387acf0e08d7bac836f9b928d062aaff26f2f39","/clients/2.png":"62300a4fb7a5bebf5279250867b2187b51b6c334fc014340f9a4ce077fd7ca75","/static/media/2.d288318a9f4a3b971945.png":"62300a4fb7a5bebf5279250867b2187b51b6c334fc014340f9a4ce077fd7ca75","/static/js/main.2ad60039.js":"0be38f0f9d9f35c665a78ffc5bad29f86460ab9993b0db27a03d33b601418fff","/static/js/main.2ad60039.js.map":"41fdac0013032e088362a19bb71fc47e9dce6e79a17c9118a0794a8695765f9f"}}
[debug] [2023-03-02T17:30:53.861Z] <<< [apiv2][status] POST https://firebasehosting.googleapis.com/v1beta1/projects/466702867278/sites/immeric-603a0/versions/0a242e64959f6089:populateFiles 200
[debug] [2023-03-02T17:30:53.861Z] <<< [apiv2][body] POST https://firebasehosting.googleapis.com/v1beta1/projects/466702867278/sites/immeric-603a0/versions/0a242e64959f6089:populateFiles {"uploadRequiredHashes":["6e9670ea4ef2fc15458a3025fc7999594ac251d6c95708c2b78ca290b00e568f","0be38f0f9d9f35c665a78ffc5bad29f86460ab9993b0db27a03d33b601418fff","e75ee226f87de8c671d83d7fb6777a653105b44577330de59a82e6c778b2e54a","7f7bd0bba48fb0b932eaa008a72d5572599f242f11585152ef213dc335fccf23","7f81a6fa449c438cfb301d6772a8b73f47c111de7a66897210cb1a6d7bd591e9","52b9a169969e053d43df6bd21c4dc789c2518d99afd8590a17ef50cd24c77cf6","41fdac0013032e088362a19bb71fc47e9dce6e79a17c9118a0794a8695765f9f","64806eb3519792db96879f5496d77fdf3765cd81476aa9441af3d18fdadbb062","e8eb210527ad9b78a201d614b1d8fdf3808655140acc4f1144448a4679dec462","cd77b37dfc9ec6a3bbc474789c865c170b6a858bc83a10703646b7dd3ddcb9be","6799c0f254e1a03bd2a19e634257ea17adf658f986d0da63d657695d8f462784","a9568c57b0fdbda389b471c10e9676400bbd26dcdf90e40e449fe2c2e92cdc2e","152f133d4851fb828235b48700cf117d41f230d0f6ba6bb03d14657929fa97a1","4564d9407b6008369603ada25c898d4b3ae5c54687cb2de7858382bdca89e904","ce544c45e7ae89c41726e15a052d19ea1e6eb0332d77be839eaf7373afe44a95","57b7f7aa5f1e0c8ef1a31806c9546f29780b2b00a14606bfcacb561d0d38a556","d1f15e6097e0de94b66ecc618759a0e009774217376ed5d51e3d4ac045633421","029a727c9e1081d2f9e1015f02f18da88f268512ea4f58589a6f17f532928530","96bd1ed0636217c5a8286288ef8d17d218bb39056217411aaca75ff29f73fb20","f5ffb3faaa9a6696ac39d64047a5b649ed4e9d848ce243e3364f72c756f12bcf","6aad751007cf9a89350af287f824ab64f096c472c7c9c679fb3d55b6174fc004","7e1c09a7207baca8515728bffb84693dea19b28ec6d1a96365d92012747d343e","e633f4203b78488bfe7c3341e95269287e98510ba964c05db307f75e5a485cd0","8f9fdbf214a8dc2e06268cda8d318595cf53921137cc5876d79c61c744bc8a7e","a18ae65f5e5847d6441816c8ce09e2c5e862df7b7b0167fc9407340e78448e6d","d00477d40ed40fa1dd3bdee27d9286804121b15fea83bae7d5415d902b055de0","6f111b481c770fe18b6954cabad1726d2c0daa0a923b973ea0e127ee9f7bf8b2","6959a4b5c4f18cc202a0a9d26e308fd45be367f339b337f5409a3b235d3f67df","056474aff2d491a02e2bd1d6491d31e23d2845a55744568ef02ee78f1bd38117","5ac1166bdc30028f8c20915f1a98acc33efc8aeed101e7a85ec382b5d8a84851","62300a4fb7a5bebf5279250867b2187b51b6c334fc014340f9a4ce077fd7ca75","c6636314eb52bc4e79410e92d387acf0e08d7bac836f9b928d062aaff26f2f39"],"uploadUrl":"https://upload-firebasehosting.googleapis.com/upload/sites/immeric-603a0/versions/0a242e64959f6089/files"}
[debug] [2023-03-02T17:30:53.920Z] >>> [apiv2][query] POST https://upload-firebasehosting.googleapis.com/upload/sites/immeric-603a0/versions/0a242e64959f6089/files/6e9670ea4ef2fc15458a3025fc7999594ac251d6c95708c2b78ca290b00e568f [none]
[debug] [2023-03-02T17:30:53.921Z] >>> [apiv2][body] POST https://upload-firebasehosting.googleapis.com/upload/sites/immeric-603a0/versions/0a242e64959f6089/files/6e9670ea4ef2fc15458a3025fc7999594ac251d6c95708c2b78ca290b00e568f [stream]
[debug] [2023-03-02T17:30:53.926Z] >>> [apiv2][query] POST https://upload-firebasehosting.googleapis.com/upload/sites/immeric-603a0/versions/0a242e64959f6089/files/0be38f0f9d9f35c665a78ffc5bad29f86460ab9993b0db27a03d33b601418fff [none]
[debug] [2023-03-02T17:30:53.927Z] >>> [apiv2][body] POST https://upload-firebasehosting.googleapis.com/upload/sites/immeric-603a0/versions/0a242e64959f6089/files/0be38f0f9d9f35c665a78ffc5bad29f86460ab9993b0db27a03d33b601418fff [stream]
[debug] [2023-03-02T17:30:53.940Z] >>> [apiv2][query] POST https://upload-firebasehosting.googleapis.com/upload/sites/immeric-603a0/versions/0a242e64959f6089/files/e75ee226f87de8c671d83d7fb6777a653105b44577330de59a82e6c778b2e54a [none]
[debug] [2023-03-02T17:30:53.940Z] >>> [apiv2][body] POST https://upload-firebasehosting.googleapis.com/upload/sites/immeric-603a0/versions/0a242e64959f6089/files/e75ee226f87de8c671d83d7fb6777a653105b44577330de59a82e6c778b2e54a [stream]
[debug] [2023-03-02T17:30:53.944Z] >>> [apiv2][query] POST https://upload-firebasehosting.googleapis.com/upload/sites/immeric-603a0/versions/0a242e64959f6089/files/7f7bd0bba48fb0b932eaa008a72d5572599f242f11585152ef213dc335fccf23 [none]
[debug] [2023-03-02T17:30:53.946Z] >>> [apiv2][body] POST https://upload-firebasehosting.googleapis.com/upload/sites/immeric-603a0/versions/0a242e64959f6089/files/7f7bd0bba48fb0b932eaa008a72d5572599f242f11585152ef213dc335fccf23 [stream]
[debug] [2023-03-02T17:30:53.955Z] >>> [apiv2][query] POST https://upload-firebasehosting.googleapis.com/upload/sites/immeric-603a0/versions/0a242e64959f6089/files/7f81a6fa449c438cfb301d6772a8b73f47c111de7a66897210cb1a6d7bd591e9 [none]
[debug] [2023-03-02T17:30:53.955Z] >>> [apiv2][body] POST https://upload-firebasehosting.googleapis.com/upload/sites/immeric-603a0/versions/0a242e64959f6089/files/7f81a6fa449c438cfb301d6772a8b73f47c111de7a66897210cb1a6d7bd591e9 [stream]
[debug] [2023-03-02T17:30:53.962Z] >>> [apiv2][query] POST https://upload-firebasehosting.googleapis.com/upload/sites/immeric-603a0/versions/0a242e64959f6089/files/52b9a169969e053d43df6bd21c4dc789c2518d99afd8590a17ef50cd24c77cf6 [none]
[debug] [2023-03-02T17:30:53.963Z] >>> [apiv2][body] POST https://upload-firebasehosting.googleapis.com/upload/sites/immeric-603a0/versions/0a242e64959f6089/files/52b9a169969e053d43df6bd21c4dc789c2518d99afd8590a17ef50cd24c77cf6 [stream]
[debug] [2023-03-02T17:30:53.969Z] >>> [apiv2][query] POST https://upload-firebasehosting.googleapis.com/upload/sites/immeric-603a0/versions/0a242e64959f6089/files/41fdac0013032e088362a19bb71fc47e9dce6e79a17c9118a0794a8695765f9f [none]
[debug] [2023-03-02T17:30:53.970Z] >>> [apiv2][body] POST https://upload-firebasehosting.googleapis.com/upload/sites/immeric-603a0/versions/0a242e64959f6089/files/41fdac0013032e088362a19bb71fc47e9dce6e79a17c9118a0794a8695765f9f [stream]
[debug] [2023-03-02T17:30:53.976Z] >>> [apiv2][query] POST https://upload-firebasehosting.googleapis.com/upload/sites/immeric-603a0/versions/0a242e64959f6089/files/64806eb3519792db96879f5496d77fdf3765cd81476aa9441af3d18fdadbb062 [none]
[debug] [2023-03-02T17:30:53.976Z] >>> [apiv2][body] POST https://upload-firebasehosting.googleapis.com/upload/sites/immeric-603a0/versions/0a242e64959f6089/files/64806eb3519792db96879f5496d77fdf3765cd81476aa9441af3d18fdadbb062 [stream]
[debug] [2023-03-02T17:30:53.982Z] >>> [apiv2][query] POST https://upload-firebasehosting.googleapis.com/upload/sites/immeric-603a0/versions/0a242e64959f6089/files/e8eb210527ad9b78a201d614b1d8fdf3808655140acc4f1144448a4679dec462 [none]
[debug] [2023-03-02T17:30:53.982Z] >>> [apiv2][body] POST https://upload-firebasehosting.googleapis.com/upload/sites/immeric-603a0/versions/0a242e64959f6089/files/e8eb210527ad9b78a201d614b1d8fdf3808655140acc4f1144448a4679dec462 [stream]
[debug] [2023-03-02T17:30:53.993Z] >>> [apiv2][query] POST https://upload-firebasehosting.googleapis.com/upload/sites/immeric-603a0/versions/0a242e64959f6089/files/cd77b37dfc9ec6a3bbc474789c865c170b6a858bc83a10703646b7dd3ddcb9be [none]
[debug] [2023-03-02T17:30:53.996Z] >>> [apiv2][body] POST https://upload-firebasehosting.googleapis.com/upload/sites/immeric-603a0/versions/0a242e64959f6089/files/cd77b37dfc9ec6a3bbc474789c865c170b6a858bc83a10703646b7dd3ddcb9be [stream]
[debug] [2023-03-02T17:30:54.008Z] >>> [apiv2][query] POST https://upload-firebasehosting.googleapis.com/upload/sites/immeric-603a0/versions/0a242e64959f6089/files/6799c0f254e1a03bd2a19e634257ea17adf658f986d0da63d657695d8f462784 [none]
[debug] [2023-03-02T17:30:54.009Z] >>> [apiv2][body] POST https://upload-firebasehosting.googleapis.com/upload/sites/immeric-603a0/versions/0a242e64959f6089/files/6799c0f254e1a03bd2a19e634257ea17adf658f986d0da63d657695d8f462784 [stream]
[debug] [2023-03-02T17:30:54.020Z] >>> [apiv2][query] POST https://upload-firebasehosting.googleapis.com/upload/sites/immeric-603a0/versions/0a242e64959f6089/files/a9568c57b0fdbda389b471c10e9676400bbd26dcdf90e40e449fe2c2e92cdc2e [none]
[debug] [2023-03-02T17:30:54.020Z] >>> [apiv2][body] POST https://upload-firebasehosting.googleapis.com/upload/sites/immeric-603a0/versions/0a242e64959f6089/files/a9568c57b0fdbda389b471c10e9676400bbd26dcdf90e40e449fe2c2e92cdc2e [stream]
[debug] [2023-03-02T17:30:54.026Z] >>> [apiv2][query] POST https://upload-firebasehosting.googleapis.com/upload/sites/immeric-603a0/versions/0a242e64959f6089/files/152f133d4851fb828235b48700cf117d41f230d0f6ba6bb03d14657929fa97a1 [none]
[debug] [2023-03-02T17:30:54.026Z] >>> [apiv2][body] POST https://upload-firebasehosting.googleapis.com/upload/sites/immeric-603a0/versions/0a242e64959f6089/files/152f133d4851fb828235b48700cf117d41f230d0f6ba6bb03d14657929fa97a1 [stream]
[debug] [2023-03-02T17:30:54.032Z] >>> [apiv2][query] POST https://upload-firebasehosting.googleapis.com/upload/sites/immeric-603a0/versions/0a242e64959f6089/files/4564d9407b6008369603ada25c898d4b3ae5c54687cb2de7858382bdca89e904 [none]
[debug] [2023-03-02T17:30:54.038Z] >>> [apiv2][body] POST https://upload-firebasehosting.googleapis.com/upload/sites/immeric-603a0/versions/0a242e64959f6089/files/4564d9407b6008369603ada25c898d4b3ae5c54687cb2de7858382bdca89e904 [stream]
[debug] [2023-03-02T17:30:54.044Z] >>> [apiv2][query] POST https://upload-firebasehosting.googleapis.com/upload/sites/immeric-603a0/versions/0a242e64959f6089/files/ce544c45e7ae89c41726e15a052d19ea1e6eb0332d77be839eaf7373afe44a95 [none]
[debug] [2023-03-02T17:30:54.045Z] >>> [apiv2][body] POST https://upload-firebasehosting.googleapis.com/upload/sites/immeric-603a0/versions/0a242e64959f6089/files/ce544c45e7ae89c41726e15a052d19ea1e6eb0332d77be839eaf7373afe44a95 [stream]
[debug] [2023-03-02T17:30:54.047Z] >>> [apiv2][query] POST https://upload-firebasehosting.googleapis.com/upload/sites/immeric-603a0/versions/0a242e64959f6089/files/57b7f7aa5f1e0c8ef1a31806c9546f29780b2b00a14606bfcacb561d0d38a556 [none]
[debug] [2023-03-02T17:30:54.048Z] >>> [apiv2][body] POST https://upload-firebasehosting.googleapis.com/upload/sites/immeric-603a0/versions/0a242e64959f6089/files/57b7f7aa5f1e0c8ef1a31806c9546f29780b2b00a14606bfcacb561d0d38a556 [stream]
[debug] [2023-03-02T17:30:54.082Z] >>> [apiv2][query] POST https://upload-firebasehosting.googleapis.com/upload/sites/immeric-603a0/versions/0a242e64959f6089/files/d1f15e6097e0de94b66ecc618759a0e009774217376ed5d51e3d4ac045633421 [none]
[debug] [2023-03-02T17:30:54.086Z] >>> [apiv2][body] POST https://upload-firebasehosting.googleapis.com/upload/sites/immeric-603a0/versions/0a242e64959f6089/files/d1f15e6097e0de94b66ecc618759a0e009774217376ed5d51e3d4ac045633421 [stream]
[debug] [2023-03-02T17:30:54.090Z] >>> [apiv2][query] POST https://upload-firebasehosting.googleapis.com/upload/sites/immeric-603a0/versions/0a242e64959f6089/files/029a727c9e1081d2f9e1015f02f18da88f268512ea4f58589a6f17f532928530 [none]
[debug] [2023-03-02T17:30:54.090Z] >>> [apiv2][body] POST https://upload-firebasehosting.googleapis.com/upload/sites/immeric-603a0/versions/0a242e64959f6089/files/029a727c9e1081d2f9e1015f02f18da88f268512ea4f58589a6f17f532928530 [stream]
[debug] [2023-03-02T17:30:54.094Z] >>> [apiv2][query] POST https://upload-firebasehosting.googleapis.com/upload/sites/immeric-603a0/versions/0a242e64959f6089/files/96bd1ed0636217c5a8286288ef8d17d218bb39056217411aaca75ff29f73fb20 [none]
[debug] [2023-03-02T17:30:54.094Z] >>> [apiv2][body] POST https://upload-firebasehosting.googleapis.com/upload/sites/immeric-603a0/versions/0a242e64959f6089/files/96bd1ed0636217c5a8286288ef8d17d218bb39056217411aaca75ff29f73fb20 [stream]
[debug] [2023-03-02T17:30:54.098Z] >>> [apiv2][query] POST https://upload-firebasehosting.googleapis.com/upload/sites/immeric-603a0/versions/0a242e64959f6089/files/f5ffb3faaa9a6696ac39d64047a5b649ed4e9d848ce243e3364f72c756f12bcf [none]
[debug] [2023-03-02T17:30:54.098Z] >>> [apiv2][body] POST https://upload-firebasehosting.googleapis.com/upload/sites/immeric-603a0/versions/0a242e64959f6089/files/f5ffb3faaa9a6696ac39d64047a5b649ed4e9d848ce243e3364f72c756f12bcf [stream]
[debug] [2023-03-02T17:30:54.100Z] >>> [apiv2][query] POST https://upload-firebasehosting.googleapis.com/upload/sites/immeric-603a0/versions/0a242e64959f6089/files/6aad751007cf9a89350af287f824ab64f096c472c7c9c679fb3d55b6174fc004 [none]
[debug] [2023-03-02T17:30:54.100Z] >>> [apiv2][body] POST https://upload-firebasehosting.googleapis.com/upload/sites/immeric-603a0/versions/0a242e64959f6089/files/6aad751007cf9a89350af287f824ab64f096c472c7c9c679fb3d55b6174fc004 [stream]
[debug] [2023-03-02T17:30:54.102Z] >>> [apiv2][query] POST https://upload-firebasehosting.googleapis.com/upload/sites/immeric-603a0/versions/0a242e64959f6089/files/7e1c09a7207baca8515728bffb84693dea19b28ec6d1a96365d92012747d343e [none]
[debug] [2023-03-02T17:30:54.102Z] >>> [apiv2][body] POST https://upload-firebasehosting.googleapis.com/upload/sites/immeric-603a0/versions/0a242e64959f6089/files/7e1c09a7207baca8515728bffb84693dea19b28ec6d1a96365d92012747d343e [stream]
[debug] [2023-03-02T17:30:54.106Z] >>> [apiv2][query] POST https://upload-firebasehosting.googleapis.com/upload/sites/immeric-603a0/versions/0a242e64959f6089/files/e633f4203b78488bfe7c3341e95269287e98510ba964c05db307f75e5a485cd0 [none]
[debug] [2023-03-02T17:30:54.106Z] >>> [apiv2][body] POST https://upload-firebasehosting.googleapis.com/upload/sites/immeric-603a0/versions/0a242e64959f6089/files/e633f4203b78488bfe7c3341e95269287e98510ba964c05db307f75e5a485cd0 [stream]
[debug] [2023-03-02T17:30:54.108Z] >>> [apiv2][query] POST https://upload-firebasehosting.googleapis.com/upload/sites/immeric-603a0/versions/0a242e64959f6089/files/8f9fdbf214a8dc2e06268cda8d318595cf53921137cc5876d79c61c744bc8a7e [none]
[debug] [2023-03-02T17:30:54.108Z] >>> [apiv2][body] POST https://upload-firebasehosting.googleapis.com/upload/sites/immeric-603a0/versions/0a242e64959f6089/files/8f9fdbf214a8dc2e06268cda8d318595cf53921137cc5876d79c61c744bc8a7e [stream]
[debug] [2023-03-02T17:30:54.110Z] >>> [apiv2][query] POST https://upload-firebasehosting.googleapis.com/upload/sites/immeric-603a0/versions/0a242e64959f6089/files/a18ae65f5e5847d6441816c8ce09e2c5e862df7b7b0167fc9407340e78448e6d [none]
[debug] [2023-03-02T17:30:54.110Z] >>> [apiv2][body] POST https://upload-firebasehosting.googleapis.com/upload/sites/immeric-603a0/versions/0a242e64959f6089/files/a18ae65f5e5847d6441816c8ce09e2c5e862df7b7b0167fc9407340e78448e6d [stream]
[debug] [2023-03-02T17:30:54.112Z] >>> [apiv2][query] POST https://upload-firebasehosting.googleapis.com/upload/sites/immeric-603a0/versions/0a242e64959f6089/files/d00477d40ed40fa1dd3bdee27d9286804121b15fea83bae7d5415d902b055de0 [none]
[debug] [2023-03-02T17:30:54.113Z] >>> [apiv2][body] POST https://upload-firebasehosting.googleapis.com/upload/sites/immeric-603a0/versions/0a242e64959f6089/files/d00477d40ed40fa1dd3bdee27d9286804121b15fea83bae7d5415d902b055de0 [stream]
[debug] [2023-03-02T17:30:54.115Z] >>> [apiv2][query] POST https://upload-firebasehosting.googleapis.com/upload/sites/immeric-603a0/versions/0a242e64959f6089/files/6f111b481c770fe18b6954cabad1726d2c0daa0a923b973ea0e127ee9f7bf8b2 [none]
[debug] [2023-03-02T17:30:54.115Z] >>> [apiv2][body] POST https://upload-firebasehosting.googleapis.com/upload/sites/immeric-603a0/versions/0a242e64959f6089/files/6f111b481c770fe18b6954cabad1726d2c0daa0a923b973ea0e127ee9f7bf8b2 [stream]
[debug] [2023-03-02T17:30:54.118Z] >>> [apiv2][query] POST https://upload-firebasehosting.googleapis.com/upload/sites/immeric-603a0/versions/0a242e64959f6089/files/6959a4b5c4f18cc202a0a9d26e308fd45be367f339b337f5409a3b235d3f67df [none]
[debug] [2023-03-02T17:30:54.118Z] >>> [apiv2][body] POST https://upload-firebasehosting.googleapis.com/upload/sites/immeric-603a0/versions/0a242e64959f6089/files/6959a4b5c4f18cc202a0a9d26e308fd45be367f339b337f5409a3b235d3f67df [stream]
[debug] [2023-03-02T17:30:54.121Z] >>> [apiv2][query] POST https://upload-firebasehosting.googleapis.com/upload/sites/immeric-603a0/versions/0a242e64959f6089/files/056474aff2d491a02e2bd1d6491d31e23d2845a55744568ef02ee78f1bd38117 [none]
[debug] [2023-03-02T17:30:54.121Z] >>> [apiv2][body] POST https://upload-firebasehosting.googleapis.com/upload/sites/immeric-603a0/versions/0a242e64959f6089/files/056474aff2d491a02e2bd1d6491d31e23d2845a55744568ef02ee78f1bd38117 [stream]
[debug] [2023-03-02T17:30:54.125Z] >>> [apiv2][query] POST https://upload-firebasehosting.googleapis.com/upload/sites/immeric-603a0/versions/0a242e64959f6089/files/5ac1166bdc30028f8c20915f1a98acc33efc8aeed101e7a85ec382b5d8a84851 [none]
[debug] [2023-03-02T17:30:54.125Z] >>> [apiv2][body] POST https://upload-firebasehosting.googleapis.com/upload/sites/immeric-603a0/versions/0a242e64959f6089/files/5ac1166bdc30028f8c20915f1a98acc33efc8aeed101e7a85ec382b5d8a84851 [stream]
[debug] [2023-03-02T17:30:54.128Z] >>> [apiv2][query] POST https://upload-firebasehosting.googleapis.com/upload/sites/immeric-603a0/versions/0a242e64959f6089/files/62300a4fb7a5bebf5279250867b2187b51b6c334fc014340f9a4ce077fd7ca75 [none]
[debug] [2023-03-02T17:30:54.128Z] >>> [apiv2][body] POST https://upload-firebasehosting.googleapis.com/upload/sites/immeric-603a0/versions/0a242e64959f6089/files/62300a4fb7a5bebf5279250867b2187b51b6c334fc014340f9a4ce077fd7ca75 [stream]
[debug] [2023-03-02T17:30:54.131Z] >>> [apiv2][query] POST https://upload-firebasehosting.googleapis.com/upload/sites/immeric-603a0/versions/0a242e64959f6089/files/c6636314eb52bc4e79410e92d387acf0e08d7bac836f9b928d062aaff26f2f39 [none]
[debug] [2023-03-02T17:30:54.131Z] >>> [apiv2][body] POST https://upload-firebasehosting.googleapis.com/upload/sites/immeric-603a0/versions/0a242e64959f6089/files/c6636314eb52bc4e79410e92d387acf0e08d7bac836f9b928d062aaff26f2f39 [stream]
[debug] [2023-03-02T17:30:54.133Z] [hosting][populate queue][FINAL] {"max":955,"min":955,"avg":955,"active":0,"complete":1,"success":1,"errored":0,"retried":0,"total":1,"elapsed":1168}
[debug] [2023-03-02T17:30:54.133Z] [hosting] uploads queued: 32
[debug] [2023-03-02T17:30:55.979Z] <<< [apiv2][status] POST https://upload-firebasehosting.googleapis.com/upload/sites/immeric-603a0/versions/0a242e64959f6089/files/6aad751007cf9a89350af287f824ab64f096c472c7c9c679fb3d55b6174fc004 200
[debug] [2023-03-02T17:30:55.979Z] <<< [apiv2][body] POST https://upload-firebasehosting.googleapis.com/upload/sites/immeric-603a0/versions/0a242e64959f6089/files/6aad751007cf9a89350af287f824ab64f096c472c7c9c679fb3d55b6174fc004 [stream]
[debug] [2023-03-02T17:30:55.999Z] <<< [apiv2][status] POST https://upload-firebasehosting.googleapis.com/upload/sites/immeric-603a0/versions/0a242e64959f6089/files/d00477d40ed40fa1dd3bdee27d9286804121b15fea83bae7d5415d902b055de0 200
[debug] [2023-03-02T17:30:55.999Z] <<< [apiv2][body] POST https://upload-firebasehosting.googleapis.com/upload/sites/immeric-603a0/versions/0a242e64959f6089/files/d00477d40ed40fa1dd3bdee27d9286804121b15fea83bae7d5415d902b055de0 [stream]
[debug] [2023-03-02T17:30:56.163Z] <<< [apiv2][status] POST https://upload-firebasehosting.googleapis.com/upload/sites/immeric-603a0/versions/0a242e64959f6089/files/6959a4b5c4f18cc202a0a9d26e308fd45be367f339b337f5409a3b235d3f67df 200
[debug] [2023-03-02T17:30:56.164Z] <<< [apiv2][body] POST https://upload-firebasehosting.googleapis.com/upload/sites/immeric-603a0/versions/0a242e64959f6089/files/6959a4b5c4f18cc202a0a9d26e308fd45be367f339b337f5409a3b235d3f67df [stream]
[debug] [2023-03-02T17:30:56.229Z] <<< [apiv2][status] POST https://upload-firebasehosting.googleapis.com/upload/sites/immeric-603a0/versions/0a242e64959f6089/files/cd77b37dfc9ec6a3bbc474789c865c170b6a858bc83a10703646b7dd3ddcb9be 200
[debug] [2023-03-02T17:30:56.229Z] <<< [apiv2][body] POST https://upload-firebasehosting.googleapis.com/upload/sites/immeric-603a0/versions/0a242e64959f6089/files/cd77b37dfc9ec6a3bbc474789c865c170b6a858bc83a10703646b7dd3ddcb9be [stream]
[debug] [2023-03-02T17:30:56.240Z] <<< [apiv2][status] POST https://upload-firebasehosting.googleapis.com/upload/sites/immeric-603a0/versions/0a242e64959f6089/files/96bd1ed0636217c5a8286288ef8d17d218bb39056217411aaca75ff29f73fb20 200
[debug] [2023-03-02T17:30:56.240Z] <<< [apiv2][body] POST https://upload-firebasehosting.googleapis.com/upload/sites/immeric-603a0/versions/0a242e64959f6089/files/96bd1ed0636217c5a8286288ef8d17d218bb39056217411aaca75ff29f73fb20 [stream]
[debug] [2023-03-02T17:30:56.263Z] <<< [apiv2][status] POST https://upload-firebasehosting.googleapis.com/upload/sites/immeric-603a0/versions/0a242e64959f6089/files/e633f4203b78488bfe7c3341e95269287e98510ba964c05db307f75e5a485cd0 200
[debug] [2023-03-02T17:30:56.263Z] <<< [apiv2][body] POST https://upload-firebasehosting.googleapis.com/upload/sites/immeric-603a0/versions/0a242e64959f6089/files/e633f4203b78488bfe7c3341e95269287e98510ba964c05db307f75e5a485cd0 [stream]
[debug] [2023-03-02T17:30:56.265Z] <<< [apiv2][status] POST https://upload-firebasehosting.googleapis.com/upload/sites/immeric-603a0/versions/0a242e64959f6089/files/e8eb210527ad9b78a201d614b1d8fdf3808655140acc4f1144448a4679dec462 200
[debug] [2023-03-02T17:30:56.266Z] <<< [apiv2][body] POST https://upload-firebasehosting.googleapis.com/upload/sites/immeric-603a0/versions/0a242e64959f6089/files/e8eb210527ad9b78a201d614b1d8fdf3808655140acc4f1144448a4679dec462 [stream]
[debug] [2023-03-02T17:30:56.271Z] <<< [apiv2][status] POST https://upload-firebasehosting.googleapis.com/upload/sites/immeric-603a0/versions/0a242e64959f6089/files/d1f15e6097e0de94b66ecc618759a0e009774217376ed5d51e3d4ac045633421 200
[debug] [2023-03-02T17:30:56.271Z] <<< [apiv2][body] POST https://upload-firebasehosting.googleapis.com/upload/sites/immeric-603a0/versions/0a242e64959f6089/files/d1f15e6097e0de94b66ecc618759a0e009774217376ed5d51e3d4ac045633421 [stream]
[debug] [2023-03-02T17:30:56.273Z] <<< [apiv2][status] POST https://upload-firebasehosting.googleapis.com/upload/sites/immeric-603a0/versions/0a242e64959f6089/files/e75ee226f87de8c671d83d7fb6777a653105b44577330de59a82e6c778b2e54a 200
[debug] [2023-03-02T17:30:56.273Z] <<< [apiv2][body] POST https://upload-firebasehosting.googleapis.com/upload/sites/immeric-603a0/versions/0a242e64959f6089/files/e75ee226f87de8c671d83d7fb6777a653105b44577330de59a82e6c778b2e54a [stream]
[debug] [2023-03-02T17:30:56.275Z] <<< [apiv2][status] POST https://upload-firebasehosting.googleapis.com/upload/sites/immeric-603a0/versions/0a242e64959f6089/files/a9568c57b0fdbda389b471c10e9676400bbd26dcdf90e40e449fe2c2e92cdc2e 200
[debug] [2023-03-02T17:30:56.275Z] <<< [apiv2][body] POST https://upload-firebasehosting.googleapis.com/upload/sites/immeric-603a0/versions/0a242e64959f6089/files/a9568c57b0fdbda389b471c10e9676400bbd26dcdf90e40e449fe2c2e92cdc2e [stream]
[debug] [2023-03-02T17:30:56.281Z] <<< [apiv2][status] POST https://upload-firebasehosting.googleapis.com/upload/sites/immeric-603a0/versions/0a242e64959f6089/files/a18ae65f5e5847d6441816c8ce09e2c5e862df7b7b0167fc9407340e78448e6d 200
[debug] [2023-03-02T17:30:56.281Z] <<< [apiv2][body] POST https://upload-firebasehosting.googleapis.com/upload/sites/immeric-603a0/versions/0a242e64959f6089/files/a18ae65f5e5847d6441816c8ce09e2c5e862df7b7b0167fc9407340e78448e6d [stream]
[debug] [2023-03-02T17:30:56.287Z] <<< [apiv2][status] POST https://upload-firebasehosting.googleapis.com/upload/sites/immeric-603a0/versions/0a242e64959f6089/files/64806eb3519792db96879f5496d77fdf3765cd81476aa9441af3d18fdadbb062 200
[debug] [2023-03-02T17:30:56.288Z] <<< [apiv2][body] POST https://upload-firebasehosting.googleapis.com/upload/sites/immeric-603a0/versions/0a242e64959f6089/files/64806eb3519792db96879f5496d77fdf3765cd81476aa9441af3d18fdadbb062 [stream]
[debug] [2023-03-02T17:30:56.292Z] <<< [apiv2][status] POST https://upload-firebasehosting.googleapis.com/upload/sites/immeric-603a0/versions/0a242e64959f6089/files/7e1c09a7207baca8515728bffb84693dea19b28ec6d1a96365d92012747d343e 200
[debug] [2023-03-02T17:30:56.292Z] <<< [apiv2][body] POST https://upload-firebasehosting.googleapis.com/upload/sites/immeric-603a0/versions/0a242e64959f6089/files/7e1c09a7207baca8515728bffb84693dea19b28ec6d1a96365d92012747d343e [stream]
[debug] [2023-03-02T17:30:56.297Z] <<< [apiv2][status] POST https://upload-firebasehosting.googleapis.com/upload/sites/immeric-603a0/versions/0a242e64959f6089/files/4564d9407b6008369603ada25c898d4b3ae5c54687cb2de7858382bdca89e904 200
[debug] [2023-03-02T17:30:56.297Z] <<< [apiv2][body] POST https://upload-firebasehosting.googleapis.com/upload/sites/immeric-603a0/versions/0a242e64959f6089/files/4564d9407b6008369603ada25c898d4b3ae5c54687cb2de7858382bdca89e904 [stream]
[debug] [2023-03-02T17:30:56.299Z] <<< [apiv2][status] POST https://upload-firebasehosting.googleapis.com/upload/sites/immeric-603a0/versions/0a242e64959f6089/files/152f133d4851fb828235b48700cf117d41f230d0f6ba6bb03d14657929fa97a1 200
[debug] [2023-03-02T17:30:56.299Z] <<< [apiv2][body] POST https://upload-firebasehosting.googleapis.com/upload/sites/immeric-603a0/versions/0a242e64959f6089/files/152f133d4851fb828235b48700cf117d41f230d0f6ba6bb03d14657929fa97a1 [stream]
[debug] [2023-03-02T17:30:56.320Z] <<< [apiv2][status] POST https://upload-firebasehosting.googleapis.com/upload/sites/immeric-603a0/versions/0a242e64959f6089/files/57b7f7aa5f1e0c8ef1a31806c9546f29780b2b00a14606bfcacb561d0d38a556 200
[debug] [2023-03-02T17:30:56.320Z] <<< [apiv2][body] POST https://upload-firebasehosting.googleapis.com/upload/sites/immeric-603a0/versions/0a242e64959f6089/files/57b7f7aa5f1e0c8ef1a31806c9546f29780b2b00a14606bfcacb561d0d38a556 [stream]
[debug] [2023-03-02T17:30:56.357Z] <<< [apiv2][status] POST https://upload-firebasehosting.googleapis.com/upload/sites/immeric-603a0/versions/0a242e64959f6089/files/6e9670ea4ef2fc15458a3025fc7999594ac251d6c95708c2b78ca290b00e568f 200
[debug] [2023-03-02T17:30:56.358Z] <<< [apiv2][body] POST https://upload-firebasehosting.googleapis.com/upload/sites/immeric-603a0/versions/0a242e64959f6089/files/6e9670ea4ef2fc15458a3025fc7999594ac251d6c95708c2b78ca290b00e568f [stream]
[debug] [2023-03-02T17:30:56.361Z] <<< [apiv2][status] POST https://upload-firebasehosting.googleapis.com/upload/sites/immeric-603a0/versions/0a242e64959f6089/files/056474aff2d491a02e2bd1d6491d31e23d2845a55744568ef02ee78f1bd38117 200
[debug] [2023-03-02T17:30:56.361Z] <<< [apiv2][body] POST https://upload-firebasehosting.googleapis.com/upload/sites/immeric-603a0/versions/0a242e64959f6089/files/056474aff2d491a02e2bd1d6491d31e23d2845a55744568ef02ee78f1bd38117 [stream]
[debug] [2023-03-02T17:30:56.364Z] <<< [apiv2][status] POST https://upload-firebasehosting.googleapis.com/upload/sites/immeric-603a0/versions/0a242e64959f6089/files/ce544c45e7ae89c41726e15a052d19ea1e6eb0332d77be839eaf7373afe44a95 200
[debug] [2023-03-02T17:30:56.365Z] <<< [apiv2][body] POST https://upload-firebasehosting.googleapis.com/upload/sites/immeric-603a0/versions/0a242e64959f6089/files/ce544c45e7ae89c41726e15a052d19ea1e6eb0332d77be839eaf7373afe44a95 [stream]
[debug] [2023-03-02T17:30:56.412Z] <<< [apiv2][status] POST https://upload-firebasehosting.googleapis.com/upload/sites/immeric-603a0/versions/0a242e64959f6089/files/6f111b481c770fe18b6954cabad1726d2c0daa0a923b973ea0e127ee9f7bf8b2 200
[debug] [2023-03-02T17:30:56.412Z] <<< [apiv2][body] POST https://upload-firebasehosting.googleapis.com/upload/sites/immeric-603a0/versions/0a242e64959f6089/files/6f111b481c770fe18b6954cabad1726d2c0daa0a923b973ea0e127ee9f7bf8b2 [stream]
[debug] [2023-03-02T17:30:56.422Z] <<< [apiv2][status] POST https://upload-firebasehosting.googleapis.com/upload/sites/immeric-603a0/versions/0a242e64959f6089/files/7f7bd0bba48fb0b932eaa008a72d5572599f242f11585152ef213dc335fccf23 200
[debug] [2023-03-02T17:30:56.423Z] <<< [apiv2][body] POST https://upload-firebasehosting.googleapis.com/upload/sites/immeric-603a0/versions/0a242e64959f6089/files/7f7bd0bba48fb0b932eaa008a72d5572599f242f11585152ef213dc335fccf23 [stream]
[debug] [2023-03-02T17:30:56.465Z] <<< [apiv2][status] POST https://upload-firebasehosting.googleapis.com/upload/sites/immeric-603a0/versions/0a242e64959f6089/files/0be38f0f9d9f35c665a78ffc5bad29f86460ab9993b0db27a03d33b601418fff 200
[debug] [2023-03-02T17:30:56.465Z] <<< [apiv2][body] POST https://upload-firebasehosting.googleapis.com/upload/sites/immeric-603a0/versions/0a242e64959f6089/files/0be38f0f9d9f35c665a78ffc5bad29f86460ab9993b0db27a03d33b601418fff [stream]
[debug] [2023-03-02T17:30:56.636Z] <<< [apiv2][status] POST https://upload-firebasehosting.googleapis.com/upload/sites/immeric-603a0/versions/0a242e64959f6089/files/62300a4fb7a5bebf5279250867b2187b51b6c334fc014340f9a4ce077fd7ca75 200
[debug] [2023-03-02T17:30:56.636Z] <<< [apiv2][body] POST https://upload-firebasehosting.googleapis.com/upload/sites/immeric-603a0/versions/0a242e64959f6089/files/62300a4fb7a5bebf5279250867b2187b51b6c334fc014340f9a4ce077fd7ca75 [stream]
[debug] [2023-03-02T17:30:56.748Z] <<< [apiv2][status] POST https://upload-firebasehosting.googleapis.com/upload/sites/immeric-603a0/versions/0a242e64959f6089/files/7f81a6fa449c438cfb301d6772a8b73f47c111de7a66897210cb1a6d7bd591e9 200
[debug] [2023-03-02T17:30:56.749Z] <<< [apiv2][body] POST https://upload-firebasehosting.googleapis.com/upload/sites/immeric-603a0/versions/0a242e64959f6089/files/7f81a6fa449c438cfb301d6772a8b73f47c111de7a66897210cb1a6d7bd591e9 [stream]
[debug] [2023-03-02T17:30:56.905Z] <<< [apiv2][status] POST https://upload-firebasehosting.googleapis.com/upload/sites/immeric-603a0/versions/0a242e64959f6089/files/c6636314eb52bc4e79410e92d387acf0e08d7bac836f9b928d062aaff26f2f39 200
[debug] [2023-03-02T17:30:56.906Z] <<< [apiv2][body] POST https://upload-firebasehosting.googleapis.com/upload/sites/immeric-603a0/versions/0a242e64959f6089/files/c6636314eb52bc4e79410e92d387acf0e08d7bac836f9b928d062aaff26f2f39 [stream]
[debug] [2023-03-02T17:30:56.986Z] <<< [apiv2][status] POST https://upload-firebasehosting.googleapis.com/upload/sites/immeric-603a0/versions/0a242e64959f6089/files/41fdac0013032e088362a19bb71fc47e9dce6e79a17c9118a0794a8695765f9f 200
[debug] [2023-03-02T17:30:56.987Z] <<< [apiv2][body] POST https://upload-firebasehosting.googleapis.com/upload/sites/immeric-603a0/versions/0a242e64959f6089/files/41fdac0013032e088362a19bb71fc47e9dce6e79a17c9118a0794a8695765f9f [stream]
[debug] [2023-03-02T17:31:04.624Z] [uploadQueue] Retrying task 52b9a169969e053d43df6bd21c4dc789c2518d99afd8590a17ef50cd24c77cf6
[debug] [2023-03-02T17:31:04.625Z] >>> [apiv2][query] POST https://upload-firebasehosting.googleapis.com/upload/sites/immeric-603a0/versions/0a242e64959f6089/files/52b9a169969e053d43df6bd21c4dc789c2518d99afd8590a17ef50cd24c77cf6 [none]
[debug] [2023-03-02T17:31:04.625Z] >>> [apiv2][body] POST https://upload-firebasehosting.googleapis.com/upload/sites/immeric-603a0/versions/0a242e64959f6089/files/52b9a169969e053d43df6bd21c4dc789c2518d99afd8590a17ef50cd24c77cf6 [stream]
[debug] [2023-03-02T17:31:04.629Z] [uploadQueue] Retrying task 6799c0f254e1a03bd2a19e634257ea17adf658f986d0da63d657695d8f462784
[debug] [2023-03-02T17:31:04.630Z] >>> [apiv2][query] POST https://upload-firebasehosting.googleapis.com/upload/sites/immeric-603a0/versions/0a242e64959f6089/files/6799c0f254e1a03bd2a19e634257ea17adf658f986d0da63d657695d8f462784 [none]
[debug] [2023-03-02T17:31:04.630Z] >>> [apiv2][body] POST https://upload-firebasehosting.googleapis.com/upload/sites/immeric-603a0/versions/0a242e64959f6089/files/6799c0f254e1a03bd2a19e634257ea17adf658f986d0da63d657695d8f462784 [stream]
[debug] [2023-03-02T17:31:04.634Z] [uploadQueue] Retrying task 029a727c9e1081d2f9e1015f02f18da88f268512ea4f58589a6f17f532928530
[debug] [2023-03-02T17:31:04.635Z] >>> [apiv2][query] POST https://upload-firebasehosting.googleapis.com/upload/sites/immeric-603a0/versions/0a242e64959f6089/files/029a727c9e1081d2f9e1015f02f18da88f268512ea4f58589a6f17f532928530 [none]
[debug] [2023-03-02T17:31:04.635Z] >>> [apiv2][body] POST https://upload-firebasehosting.googleapis.com/upload/sites/immeric-603a0/versions/0a242e64959f6089/files/029a727c9e1081d2f9e1015f02f18da88f268512ea4f58589a6f17f532928530 [stream]
[debug] [2023-03-02T17:31:04.638Z] [uploadQueue] Retrying task 5ac1166bdc30028f8c20915f1a98acc33efc8aeed101e7a85ec382b5d8a84851
[debug] [2023-03-02T17:31:04.639Z] >>> [apiv2][query] POST https://upload-firebasehosting.googleapis.com/upload/sites/immeric-603a0/versions/0a242e64959f6089/files/5ac1166bdc30028f8c20915f1a98acc33efc8aeed101e7a85ec382b5d8a84851 [none]
[debug] [2023-03-02T17:31:04.639Z] >>> [apiv2][body] POST https://upload-firebasehosting.googleapis.com/upload/sites/immeric-603a0/versions/0a242e64959f6089/files/5ac1166bdc30028f8c20915f1a98acc33efc8aeed101e7a85ec382b5d8a84851 [stream]
[debug] [2023-03-02T17:31:04.642Z] [uploadQueue] Retrying task f5ffb3faaa9a6696ac39d64047a5b649ed4e9d848ce243e3364f72c756f12bcf
[debug] [2023-03-02T17:31:04.643Z] >>> [apiv2][query] POST https://upload-firebasehosting.googleapis.com/upload/sites/immeric-603a0/versions/0a242e64959f6089/files/f5ffb3faaa9a6696ac39d64047a5b649ed4e9d848ce243e3364f72c756f12bcf [none]
[debug] [2023-03-02T17:31:04.643Z] >>> [apiv2][body] POST https://upload-firebasehosting.googleapis.com/upload/sites/immeric-603a0/versions/0a242e64959f6089/files/f5ffb3faaa9a6696ac39d64047a5b649ed4e9d848ce243e3364f72c756f12bcf [stream]
[debug] [2023-03-02T17:31:05.639Z] <<< [apiv2][status] POST https://upload-firebasehosting.googleapis.com/upload/sites/immeric-603a0/versions/0a242e64959f6089/files/52b9a169969e053d43df6bd21c4dc789c2518d99afd8590a17ef50cd24c77cf6 200
[debug] [2023-03-02T17:31:05.639Z] <<< [apiv2][body] POST https://upload-firebasehosting.googleapis.com/upload/sites/immeric-603a0/versions/0a242e64959f6089/files/52b9a169969e053d43df6bd21c4dc789c2518d99afd8590a17ef50cd24c77cf6 [stream]
[debug] [2023-03-02T17:31:05.754Z] <<< [apiv2][status] POST https://upload-firebasehosting.googleapis.com/upload/sites/immeric-603a0/versions/0a242e64959f6089/files/6799c0f254e1a03bd2a19e634257ea17adf658f986d0da63d657695d8f462784 200
[debug] [2023-03-02T17:31:05.754Z] <<< [apiv2][body] POST https://upload-firebasehosting.googleapis.com/upload/sites/immeric-603a0/versions/0a242e64959f6089/files/6799c0f254e1a03bd2a19e634257ea17adf658f986d0da63d657695d8f462784 [stream]
[debug] [2023-03-02T17:31:05.779Z] <<< [apiv2][status] POST https://upload-firebasehosting.googleapis.com/upload/sites/immeric-603a0/versions/0a242e64959f6089/files/5ac1166bdc30028f8c20915f1a98acc33efc8aeed101e7a85ec382b5d8a84851 200
[debug] [2023-03-02T17:31:05.780Z] <<< [apiv2][body] POST https://upload-firebasehosting.googleapis.com/upload/sites/immeric-603a0/versions/0a242e64959f6089/files/5ac1166bdc30028f8c20915f1a98acc33efc8aeed101e7a85ec382b5d8a84851 [stream]
[debug] [2023-03-02T17:31:05.817Z] <<< [apiv2][status] POST https://upload-firebasehosting.googleapis.com/upload/sites/immeric-603a0/versions/0a242e64959f6089/files/f5ffb3faaa9a6696ac39d64047a5b649ed4e9d848ce243e3364f72c756f12bcf 200
[debug] [2023-03-02T17:31:05.818Z] <<< [apiv2][body] POST https://upload-firebasehosting.googleapis.com/upload/sites/immeric-603a0/versions/0a242e64959f6089/files/f5ffb3faaa9a6696ac39d64047a5b649ed4e9d848ce243e3364f72c756f12bcf [stream]
[debug] [2023-03-02T17:31:24.339Z] [uploadQueue] Retrying task 8f9fdbf214a8dc2e06268cda8d318595cf53921137cc5876d79c61c744bc8a7e
[debug] [2023-03-02T17:31:24.341Z] >>> [apiv2][query] POST https://upload-firebasehosting.googleapis.com/upload/sites/immeric-603a0/versions/0a242e64959f6089/files/8f9fdbf214a8dc2e06268cda8d318595cf53921137cc5876d79c61c744bc8a7e [none]
[debug] [2023-03-02T17:31:24.342Z] >>> [apiv2][body] POST https://upload-firebasehosting.googleapis.com/upload/sites/immeric-603a0/versions/0a242e64959f6089/files/8f9fdbf214a8dc2e06268cda8d318595cf53921137cc5876d79c61c744bc8a7e [stream]
[debug] [2023-03-02T17:31:25.623Z] <<< [apiv2][status] POST https://upload-firebasehosting.googleapis.com/upload/sites/immeric-603a0/versions/0a242e64959f6089/files/8f9fdbf214a8dc2e06268cda8d318595cf53921137cc5876d79c61c744bc8a7e 200
[debug] [2023-03-02T17:31:25.623Z] <<< [apiv2][body] POST https://upload-firebasehosting.googleapis.com/upload/sites/immeric-603a0/versions/0a242e64959f6089/files/8f9fdbf214a8dc2e06268cda8d318595cf53921137cc5876d79c61c744bc8a7e [stream]
[debug] [2023-03-02T17:31:26.520Z] [uploadQueue] Retrying task 029a727c9e1081d2f9e1015f02f18da88f268512ea4f58589a6f17f532928530
[debug] [2023-03-02T17:31:26.521Z] >>> [apiv2][query] POST https://upload-firebasehosting.googleapis.com/upload/sites/immeric-603a0/versions/0a242e64959f6089/files/029a727c9e1081d2f9e1015f02f18da88f268512ea4f58589a6f17f532928530 [none]
[debug] [2023-03-02T17:31:26.521Z] >>> [apiv2][body] POST https://upload-firebasehosting.googleapis.com/upload/sites/immeric-603a0/versions/0a242e64959f6089/files/029a727c9e1081d2f9e1015f02f18da88f268512ea4f58589a6f17f532928530 [stream]
[debug] [2023-03-02T17:31:27.501Z] <<< [apiv2][status] POST https://upload-firebasehosting.googleapis.com/upload/sites/immeric-603a0/versions/0a242e64959f6089/files/029a727c9e1081d2f9e1015f02f18da88f268512ea4f58589a6f17f532928530 200
[debug] [2023-03-02T17:31:27.502Z] <<< [apiv2][body] POST https://upload-firebasehosting.googleapis.com/upload/sites/immeric-603a0/versions/0a242e64959f6089/files/029a727c9e1081d2f9e1015f02f18da88f268512ea4f58589a6f17f532928530 [stream]
[debug] [2023-03-02T17:31:27.503Z] [hosting][upload queue][FINAL] {"max":3124,"min":983,"avg":2225.281250000001,"active":0,"complete":32,"success":32,"errored":0,"retried":7,"total":32,"elapsed":33642}
[info] +  hosting[immeric-603a0]: file upload complete 
[debug] [2023-03-02T17:31:27.509Z] [hosting] deploy completed after 35795ms
[debug] [2023-03-02T17:31:27.521Z] [
  {
    "config": {
      "public": "build",
      "ignore": [
        "firebase.json",
        "**/.*",
        "**/node_modules/**"
      ],
      "rewrites": [
        {
          "source": "**",
          "destination": "/index.html"
        }
      ],
      "site": "immeric-603a0"
    },
    "version": "projects/466702867278/sites/immeric-603a0/versions/0a242e64959f6089"
  }
]
[info] i  hosting[immeric-603a0]: finalizing version... 
[debug] [2023-03-02T17:31:27.533Z] >>> [apiv2][query] PATCH https://firebasehosting.googleapis.com/v1beta1/projects/-/sites/immeric-603a0/versions/0a242e64959f6089 updateMask=status%2Cconfig
[debug] [2023-03-02T17:31:27.534Z] >>> [apiv2][body] PATCH https://firebasehosting.googleapis.com/v1beta1/projects/-/sites/immeric-603a0/versions/0a242e64959f6089 {"status":"FINALIZED","config":{"rewrites":[{"glob":"**","path":"/index.html"}]}}
[debug] [2023-03-02T17:31:29.190Z] <<< [apiv2][status] PATCH https://firebasehosting.googleapis.com/v1beta1/projects/-/sites/immeric-603a0/versions/0a242e64959f6089 200
[debug] [2023-03-02T17:31:29.190Z] <<< [apiv2][body] PATCH https://firebasehosting.googleapis.com/v1beta1/projects/-/sites/immeric-603a0/versions/0a242e64959f6089 {"name":"projects/466702867278/sites/immeric-603a0/versions/0a242e64959f6089","status":"FINALIZED","config":{"rewrites":[{"glob":"**","path":"/index.html"}]},"labels":{"deployment-tool":"cli-firebase"},"createTime":"2023-03-02T17:30:50.266711Z","createUser":{"email":"devhamzak@gmail.com"},"finalizeTime":"2023-03-02T17:31:28.422889Z","finalizeUser":{"email":"devhamzak@gmail.com"}}
[debug] [2023-03-02T17:31:29.190Z] [hosting] finalized version for immeric-603a0:[object Object]
[info] +  hosting[immeric-603a0]: version finalized 
[info] i  hosting[immeric-603a0]: releasing new version... 
[debug] [2023-03-02T17:31:29.193Z] >>> [apiv2][query] POST https://firebasehosting.googleapis.com/v1beta1/projects/-/sites/immeric-603a0/channels/live/releases versionName=projects%2F466702867278%2Fsites%2Fimmeric-603a0%2Fversions%2F0a242e64959f6089
[debug] [2023-03-02T17:31:29.194Z] >>> [apiv2][body] POST https://firebasehosting.googleapis.com/v1beta1/projects/-/sites/immeric-603a0/channels/live/releases {}
[debug] [2023-03-02T17:31:30.821Z] <<< [apiv2][status] POST https://firebasehosting.googleapis.com/v1beta1/projects/-/sites/immeric-603a0/channels/live/releases 200
[debug] [2023-03-02T17:31:30.821Z] <<< [apiv2][body] POST https://firebasehosting.googleapis.com/v1beta1/projects/-/sites/immeric-603a0/channels/live/releases {"name":"projects/466702867278/sites/immeric-603a0/channels/live/releases/1677778289459000","version":{"name":"projects/466702867278/sites/immeric-603a0/versions/0a242e64959f6089","status":"FINALIZED","config":{"rewrites":[{"glob":"**","path":"/index.html"}]},"labels":{"deployment-tool":"cli-firebase"},"createTime":"2023-03-02T17:30:50.266711Z","createUser":{"email":"devhamzak@gmail.com","imageUrl":"https://lh3.googleusercontent.com/a/AGNmyxbGbLJLBZMiGFNKp-PTpcHa-NwiHfe_TT1jPO0J"},"finalizeTime":"2023-03-02T17:31:28.422889Z","finalizeUser":{"email":"devhamzak@gmail.com","imageUrl":"https://lh3.googleusercontent.com/a/AGNmyxbGbLJLBZMiGFNKp-PTpcHa-NwiHfe_TT1jPO0J"}},"type":"DEPLOY","releaseTime":"2023-03-02T17:31:29.459Z","releaseUser":{"email":"devhamzak@gmail.com","imageUrl":"https://lh3.googleusercontent.com/a/AGNmyxbGbLJLBZMiGFNKp-PTpcHa-NwiHfe_TT1jPO0J"}}
[debug] [2023-03-02T17:31:30.821Z] [hosting] release: {"name":"projects/466702867278/sites/immeric-603a0/channels/live/releases/1677778289459000","version":{"name":"projects/466702867278/sites/immeric-603a0/versions/0a242e64959f6089","status":"FINALIZED","config":{"rewrites":[{"glob":"**","path":"/index.html"}]},"labels":{"deployment-tool":"cli-firebase"},"createTime":"2023-03-02T17:30:50.266711Z","createUser":{"email":"devhamzak@gmail.com","imageUrl":"https://lh3.googleusercontent.com/a/AGNmyxbGbLJLBZMiGFNKp-PTpcHa-NwiHfe_TT1jPO0J"},"finalizeTime":"2023-03-02T17:31:28.422889Z","finalizeUser":{"email":"devhamzak@gmail.com","imageUrl":"https://lh3.googleusercontent.com/a/AGNmyxbGbLJLBZMiGFNKp-PTpcHa-NwiHfe_TT1jPO0J"}},"type":"DEPLOY","releaseTime":"2023-03-02T17:31:29.459Z","releaseUser":{"email":"devhamzak@gmail.com","imageUrl":"https://lh3.googleusercontent.com/a/AGNmyxbGbLJLBZMiGFNKp-PTpcHa-NwiHfe_TT1jPO0J"}}
[info] +  hosting[immeric-603a0]: release complete 
[info] 
[info] +  Deploy complete! 
[info] 
[info] Project Console: https://console.firebase.google.com/project/immeric-603a0/overview
[info] Hosting URL: https://immeric-603a0.web.app
[debug] [2023-03-02T17:31:36.500Z] Error: Timed out.
    at Timeout._onTimeout (C:\Users\Immersive\AppData\Roaming\npm\node_modules\firebase-tools\lib\utils.js:253:49)
    at listOnTimeout (node:internal/timers:569:17)
    at process.processTimers (node:internal/timers:512:7)
[error] 
[error] Error: An unexpected error has occurred.
